0 info it worked if it ends with ok
1 verbose cli [ '/usr/local/bin/node',
1 verbose cli   '/usr/local/bin/npm',
1 verbose cli   'i',
1 verbose cli   '&&',
1 verbose cli   'node',
1 verbose cli   'index.js' ]
2 info using npm@5.6.0
3 info using node@v9.11.2
4 verbose config Skipping project config: /home/node/.npmrc. (matches userconfig)
5 verbose npm-session cea35a9265660d22
6 silly install loadCurrentTree
7 silly install readLocalPackageData
8 http fetch GET 200 https://registry.npmjs.org/node 2114ms
9 silly pacote tag manifest for node@latest fetched in 2175ms
10 http fetch GET 200 https://registry.npmjs.org/index.js 11797ms
11 http fetch GET 200 https://registry.npmjs.org/index.js/-/index.js-0.0.3.tgz 242ms
12 silly pacote tag manifest for index.js@latest fetched in 12150ms
13 verbose stack Error: Invalid tag name "&&": Tags may not have any characters that encodeURIComponent encodes.
13 verbose stack     at invalidTagName (/usr/local/lib/node_modules/npm/node_modules/npm-package-arg/npa.js:85:15)
13 verbose stack     at fromRegistry (/usr/local/lib/node_modules/npm/node_modules/npm-package-arg/npa.js:272:13)
13 verbose stack     at resolve (/usr/local/lib/node_modules/npm/node_modules/npm-package-arg/npa.js:75:12)
13 verbose stack     at npa (/usr/local/lib/node_modules/npm/node_modules/npm-package-arg/npa.js:48:10)
13 verbose stack     at /usr/local/lib/node_modules/npm/lib/install/deps.js:204:14
13 verbose stack     at /usr/local/lib/node_modules/npm/node_modules/slide/lib/async-map.js:52:35
13 verbose stack     at Array.forEach (<anonymous>)
13 verbose stack     at /usr/local/lib/node_modules/npm/node_modules/slide/lib/async-map.js:52:11
13 verbose stack     at Array.forEach (<anonymous>)
13 verbose stack     at asyncMap (/usr/local/lib/node_modules/npm/node_modules/slide/lib/async-map.js:51:8)
13 verbose stack     at exports.getAllMetadata (/usr/local/lib/node_modules/npm/lib/install/deps.js:201:3)
13 verbose stack     at Installer.loadArgMetadata (/usr/local/lib/node_modules/npm/lib/install.js:352:3)
13 verbose stack     at /usr/local/lib/node_modules/npm/lib/install.js:685:16
13 verbose stack     at BB.join.then (/usr/local/lib/node_modules/npm/lib/install/read-shrinkwrap.js:41:16)
13 verbose stack     at tryCatcher (/usr/local/lib/node_modules/npm/node_modules/bluebird/js/release/util.js:16:23)
13 verbose stack     at Promise._settlePromiseFromHandler (/usr/local/lib/node_modules/npm/node_modules/bluebird/js/release/promise.js:512:31)
14 verbose cwd /home/node
15 verbose Linux 4.9.13-moby
16 verbose argv "/usr/local/bin/node" "/usr/local/bin/npm" "i" "&&" "node" "index.js"
17 verbose node v9.11.2
18 verbose npm  v5.6.0
19 error code EINVALIDTAGNAME
20 error Invalid tag name "&&": Tags may not have any characters that encodeURIComponent encodes.
21 verbose exit [ 1, true ]
